<?xml version="1.0" encoding="UTF-8"?>
<!-- Generated by org.testng.reporters.JUnitXMLReporter -->
<testsuite ignored="0" hostname="DESKTOP-K7BIRIK" failures="0" tests="6" name="Surefire test" time="0.063" errors="0" timestamp="2022-05-31T22:40:14 EDT">
  <testcase classname="userInterface.CarsTest" name="Honda" time="0.005"/>
  <testcase classname="userInterface.CarsTest" name="Toyota" time="0.001"/>
  <testcase classname="userInterface.LaptopTest" name="HP" time="0.0"/>
  <testcase classname="userInterface.LaptopTest" name="Lenovo" time="0.001"/>
  <testcase classname="userInterface.PhonesTest" name="Iphone" time="0.001"/>
  <testcase classname="userInterface.PhonesTest" name="Samsung" time="0.0"/>
</testsuite> <!-- Surefire test -->
