<?xml version="1.0" encoding="UTF-8"?>
<!-- Generated by org.testng.reporters.JUnitXMLReporter -->
<testsuite ignored="0" hostname="DESKTOP-K7BIRIK" failures="0" tests="9" name="Surefire test" time="0.093" errors="0" timestamp="2022-06-01T21:46:37 EDT">
  <testcase classname="userInterface.CarsTest" name="Honda" time="0.006"/>
  <testcase classname="userInterface.CarsTest" name="Tesla" time="0.002"/>
  <testcase classname="userInterface.CarsTest" name="Toyota" time="0.001"/>
  <testcase classname="userInterface.LaptopTest" name="Dell" time="0.001"/>
  <testcase classname="userInterface.LaptopTest" name="HP" time="0.002"/>
  <testcase classname="userInterface.LaptopTest" name="Lenovo" time="0.001"/>
  <testcase classname="userInterface.PhonesTest" name="Iphone" time="0.001"/>
  <testcase classname="userInterface.PhonesTest" name="Nokia" time="0.002"/>
  <testcase classname="userInterface.PhonesTest" name="Samsung" time="0.002"/>
</testsuite> <!-- Surefire test -->
