<?xml version="1.0" encoding="UTF-8"?>
<!-- Generated by org.testng.reporters.JUnitXMLReporter -->
<testsuite ignored="0" hostname="DESKTOP-K7BIRIK" failures="0" tests="3" name="Default test" time="0.061" errors="0" timestamp="2022-06-04T17:13:36 EDT">
  <testcase classname="userInterface.CarsTest" name="Alphabits" time="0.004"/>
  <testcase classname="userInterface.CarsTest" name="Tesla" time="0.001"/>
  <testcase classname="userInterface.CarsTest" name="Toyota" time="0.005"/>
</testsuite> <!-- Default test -->
