<?xml version="1.0" encoding="UTF-8"?>
<!-- Generated by org.testng.reporters.JUnitXMLReporter -->
<testsuite ignored="0" hostname="DESKTOP-K7BIRIK" failures="0" tests="9" name="Test" time="0.09" errors="0" timestamp="2022-06-04T17:12:56 EDT">
  <testcase classname="userInterface.LaptopTest" name="Dell" time="0.005"/>
  <testcase classname="userInterface.LaptopTest" name="HP" time="0.002"/>
  <testcase classname="userInterface.LaptopTest" name="Lenovo" time="0.003"/>
  <testcase classname="userInterface.PhonesTest" name="Iphone" time="0.003"/>
  <testcase classname="userInterface.PhonesTest" name="Nokia" time="0.003"/>
  <testcase classname="userInterface.PhonesTest" name="Samsung" time="0.002"/>
  <testcase classname="userInterface.CarsTest" name="Alphabits" time="0.002"/>
  <testcase classname="userInterface.CarsTest" name="Tesla" time="0.004"/>
  <testcase classname="userInterface.CarsTest" name="Toyota" time="0.003"/>
</testsuite> <!-- Test -->
