<?xml version="1.0" encoding="UTF-8"?>
<testng-results ignored="0" total="9" passed="9" failed="0" skipped="0">
  <reporter-output>
  </reporter-output>
  <suite started-at="2022-06-01T21:46:37 EDT" name="Surefire suite" finished-at="2022-06-01T21:46:37 EDT" duration-ms="93">
    <groups>
    </groups>
    <test started-at="2022-06-01T21:46:37 EDT" name="Surefire test" finished-at="2022-06-01T21:46:37 EDT" duration-ms="93">
      <class name="userInterface.PhonesTest">
        <test-method signature="Iphone()[pri:0, instance:userInterface.PhonesTest@12b0404f]" started-at="2022-06-01T21:46:37 EDT" name="Iphone" finished-at="2022-06-01T21:46:37 EDT" duration-ms="1" status="PASS">
          <reporter-output>
          </reporter-output>
        </test-method> <!-- Iphone -->
        <test-method signature="Nokia()[pri:0, instance:userInterface.PhonesTest@12b0404f]" started-at="2022-06-01T21:46:37 EDT" name="Nokia" finished-at="2022-06-01T21:46:37 EDT" duration-ms="2" status="PASS">
          <reporter-output>
          </reporter-output>
        </test-method> <!-- Nokia -->
        <test-method signature="Samsung()[pri:0, instance:userInterface.PhonesTest@12b0404f]" started-at="2022-06-01T21:46:37 EDT" name="Samsung" finished-at="2022-06-01T21:46:37 EDT" duration-ms="2" status="PASS">
          <reporter-output>
          </reporter-output>
        </test-method> <!-- Samsung -->
      </class> <!-- userInterface.PhonesTest -->
      <class name="userInterface.LaptopTest">
        <test-method signature="Dell()[pri:0, instance:userInterface.LaptopTest@419c5f1a]" started-at="2022-06-01T21:46:37 EDT" name="Dell" finished-at="2022-06-01T21:46:37 EDT" duration-ms="1" status="PASS">
          <reporter-output>
          </reporter-output>
        </test-method> <!-- Dell -->
        <test-method signature="HP()[pri:0, instance:userInterface.LaptopTest@419c5f1a]" started-at="2022-06-01T21:46:37 EDT" name="HP" finished-at="2022-06-01T21:46:37 EDT" duration-ms="2" status="PASS">
          <reporter-output>
          </reporter-output>
        </test-method> <!-- HP -->
        <test-method signature="Lenovo()[pri:0, instance:userInterface.LaptopTest@419c5f1a]" started-at="2022-06-01T21:46:37 EDT" name="Lenovo" finished-at="2022-06-01T21:46:37 EDT" duration-ms="1" status="PASS">
          <reporter-output>
          </reporter-output>
        </test-method> <!-- Lenovo -->
      </class> <!-- userInterface.LaptopTest -->
      <class name="userInterface.CarsTest">
        <test-method signature="Honda()[pri:0, instance:userInterface.CarsTest@318ba8c8]" started-at="2022-06-01T21:46:37 EDT" name="Honda" finished-at="2022-06-01T21:46:37 EDT" duration-ms="6" status="PASS">
          <reporter-output>
          </reporter-output>
        </test-method> <!-- Honda -->
        <test-method signature="Tesla()[pri:0, instance:userInterface.CarsTest@318ba8c8]" started-at="2022-06-01T21:46:37 EDT" name="Tesla" finished-at="2022-06-01T21:46:37 EDT" duration-ms="2" status="PASS">
          <reporter-output>
          </reporter-output>
        </test-method> <!-- Tesla -->
        <test-method signature="Toyota()[pri:0, instance:userInterface.CarsTest@318ba8c8]" started-at="2022-06-01T21:46:37 EDT" name="Toyota" finished-at="2022-06-01T21:46:37 EDT" duration-ms="1" status="PASS">
          <reporter-output>
          </reporter-output>
        </test-method> <!-- Toyota -->
      </class> <!-- userInterface.CarsTest -->
    </test> <!-- Surefire test -->
  </suite> <!-- Surefire suite -->
</testng-results>
