<?xml version="1.0" encoding="UTF-8"?>
<testng-results ignored="0" total="6" passed="6" failed="0" skipped="0">
  <reporter-output>
  </reporter-output>
  <suite started-at="2022-05-31T22:40:14 EDT" name="Surefire suite" finished-at="2022-05-31T22:40:14 EDT" duration-ms="63">
    <groups>
    </groups>
    <test started-at="2022-05-31T22:40:14 EDT" name="Surefire test" finished-at="2022-05-31T22:40:14 EDT" duration-ms="63">
      <class name="userInterface.PhonesTest">
        <test-method signature="Iphone()[pri:0, instance:userInterface.PhonesTest@18ce0030]" started-at="2022-05-31T22:40:14 EDT" name="Iphone" finished-at="2022-05-31T22:40:14 EDT" duration-ms="1" status="PASS">
          <reporter-output>
          </reporter-output>
        </test-method> <!-- Iphone -->
        <test-method signature="Samsung()[pri:0, instance:userInterface.PhonesTest@18ce0030]" started-at="2022-05-31T22:40:14 EDT" name="Samsung" finished-at="2022-05-31T22:40:14 EDT" duration-ms="0" status="PASS">
          <reporter-output>
          </reporter-output>
        </test-method> <!-- Samsung -->
      </class> <!-- userInterface.PhonesTest -->
      <class name="userInterface.LaptopTest">
        <test-method signature="HP()[pri:0, instance:userInterface.LaptopTest@56a6d5a6]" started-at="2022-05-31T22:40:14 EDT" name="HP" finished-at="2022-05-31T22:40:14 EDT" duration-ms="0" status="PASS">
          <reporter-output>
          </reporter-output>
        </test-method> <!-- HP -->
        <test-method signature="Lenovo()[pri:0, instance:userInterface.LaptopTest@56a6d5a6]" started-at="2022-05-31T22:40:14 EDT" name="Lenovo" finished-at="2022-05-31T22:40:14 EDT" duration-ms="1" status="PASS">
          <reporter-output>
          </reporter-output>
        </test-method> <!-- Lenovo -->
      </class> <!-- userInterface.LaptopTest -->
      <class name="userInterface.CarsTest">
        <test-method signature="Honda()[pri:0, instance:userInterface.CarsTest@15b204a1]" started-at="2022-05-31T22:40:14 EDT" name="Honda" finished-at="2022-05-31T22:40:14 EDT" duration-ms="5" status="PASS">
          <reporter-output>
          </reporter-output>
        </test-method> <!-- Honda -->
        <test-method signature="Toyota()[pri:0, instance:userInterface.CarsTest@15b204a1]" started-at="2022-05-31T22:40:14 EDT" name="Toyota" finished-at="2022-05-31T22:40:14 EDT" duration-ms="1" status="PASS">
          <reporter-output>
          </reporter-output>
        </test-method> <!-- Toyota -->
      </class> <!-- userInterface.CarsTest -->
    </test> <!-- Surefire test -->
  </suite> <!-- Surefire suite -->
</testng-results>
