<?xml version="1.0" encoding="UTF-8"?>
<testng-results ignored="0" total="3" passed="3" failed="0" skipped="0">
  <reporter-output>
  </reporter-output>
  <suite started-at="2022-06-04T17:13:36 EDT" name="Default suite" finished-at="2022-06-04T17:13:36 EDT" duration-ms="61">
    <groups>
    </groups>
    <test started-at="2022-06-04T17:13:36 EDT" name="Default test" finished-at="2022-06-04T17:13:36 EDT" duration-ms="61">
      <class name="userInterface.CarsTest">
        <test-method is-config="true" signature="Honda()[pri:0, instance:userInterface.CarsTest@729d991e]" started-at="2022-06-04T17:13:36 EDT" name="Honda" finished-at="2022-06-04T17:13:36 EDT" duration-ms="8" status="PASS">
          <reporter-output>
          </reporter-output>
        </test-method> <!-- Honda -->
        <test-method signature="Alphabits()[pri:0, instance:userInterface.CarsTest@729d991e]" started-at="2022-06-04T17:13:36 EDT" name="Alphabits" finished-at="2022-06-04T17:13:36 EDT" duration-ms="4" status="PASS">
          <reporter-output>
          </reporter-output>
        </test-method> <!-- Alphabits -->
        <test-method signature="Tesla()[pri:0, instance:userInterface.CarsTest@729d991e]" started-at="2022-06-04T17:13:36 EDT" name="Tesla" finished-at="2022-06-04T17:13:36 EDT" duration-ms="1" status="PASS">
          <reporter-output>
          </reporter-output>
        </test-method> <!-- Tesla -->
        <test-method signature="Toyota()[pri:0, instance:userInterface.CarsTest@729d991e]" started-at="2022-06-04T17:13:36 EDT" name="Toyota" finished-at="2022-06-04T17:13:36 EDT" duration-ms="5" status="PASS">
          <reporter-output>
          </reporter-output>
        </test-method> <!-- Toyota -->
      </class> <!-- userInterface.CarsTest -->
    </test> <!-- Default test -->
  </suite> <!-- Default suite -->
</testng-results>
